
  ___  ____  ____  ____  ____ ©
 /__    /   ____/   /   ____/      17.0
___/   /   /___/   /   /___/       MP—Parallel Edition

 Statistics and Data Science       Copyright 1985-2021 StataCorp LLC
                                   StataCorp
                                   4905 Lakeway Drive
                                   College Station, Texas 77845 USA
                                   800-STATA-PC        https://www.stata.com
                                   979-696-4600        stata@stata.com

Stata license: Single-user 2-core  perpetual
Serial number: 501706343699
  Licensed to: MARCO LE MOGLIE
               Catholic University

Notes:
      1. Stata is running in batch mode.
      2. Unicode is supported; see help unicode_advice.
      3. More than 2 billion observations are allowed; see help obs_advice.
      4. Maximum number of variables is set to 5,000; see help set_maxvar.


Running /Users/marcolemoglie_1_2/Library/Application Support/Stata/ado/personal
> /profile.do ...
command panelwhiz is unrecognized
r(199);

. do execution/step3_analysis/eda.do 

. clear all

. macro drop _all

. 
. * 0. Imposta Directory di Lavoro
. cd "/Users/marcolemoglie_1_2/Library/CloudStorage/Dropbox/Sound_of_Culture"
/Users/marcolemoglie_1_2/Library/CloudStorage/Dropbox/Sound_of_Culture

. 
. * 1. Carica il dataset
. 
. use "data/processed_datasets/dataset.dta", clear

. 
. * 2. Assicura che variabili siano numeriche
. destring chart_year, replace force
chart_year already numeric; no replace

. destring bpm, replace force
bpm: all characters numeric; replaced as int
(523 missing values generated)

. 
. 
. * 3. Label delle Variabili
. label variable bpm "Beats Per Minute"

. label variable complexity "Complexity Index"

. label variable energy "Energy Index"

. label variable melodicness "Melodicness Index"

. label variable playability "Playability Index"

. label variable repetition "Repetition Index"

. label variable structure_variation "Structure Variation Index"

. label variable finger_movement "Finger Movement Index"

. label variable disruption "Disruption Index"

. label variable root_stability "Root Stability Index"

. label variable intra_root_variation "Intra-Root Variation Index"

. label variable harmonic_palette "Harmonic Palette"

. label variable loop_strength "Loop Strength"

. label variable harmonic_softness "Harmonic Softness"

. label variable genre "Music Genre"

. label variable chart_year "Billboard List Year"

. 
. * Salva con le nuove label
. save "data/processed_datasets/dataset_labeled.dta", replace
file data/processed_datasets/dataset_labeled.dta saved

. 
. * 4. Creazione Variabili Dicotomiche per Accordi Principali
. gen chord_G = (chord_1 == "G")

. gen chord_D = (chord_1 == "D")

. gen chord_C = (chord_1 == "C")

. gen chord_Am = (chord_1 == "Am")

. 
. label variable chord_G "Share of Songs Starting on G"

. label variable chord_D "Share of Songs Starting on D"

. label variable chord_C "Share of Songs Starting on C"

. label variable chord_Am "Share of Songs Starting on Am"

. 
. * 5. Collasso e grafici
. collapse (mean) bpm complexity energy melodicness repetition chord_G chord_D 
> chord_C chord_Am (count) id, by(chart_year)

. 
. * Ordina per anno
. sort chart_year

. 
. * --- Grafico 1: BPM medi per anno ---
. twoway (line bpm chart_year, lcolor(black) lwidth(medium)), ///
>     title("Average BPM by Year") xtitle("Year") ytitle("Mean BPM") ///
>     xlabel(1980(5)2025) ylabel(#8)

. graph export "data/processed_datasets/bpm_by_year.pdf", replace
file data/processed_datasets/bpm_by_year.pdf saved as PDF format

. 
. * --- Grafico 2: Indicatori Sintetici ---
. twoway (line complexity chart_year, lcolor(blue) lwidth(medium)) ///
>        (line energy chart_year, lcolor(red) lwidth(medium)) ///
>        (line melodicness chart_year, lcolor(green) lwidth(medium)), ///
>     title("Synthetic Indices Dynamics Over Time") xtitle("Year") ytitle("Inde
> x Mean Value") ///
>     xlabel(1980(5)2025) ///
>     legend(label(1 "Complexity") label(2 "Energy") label(3 "Melodicness"))

. graph export "data/processed_datasets/indices_by_year.pdf", replace
file data/processed_datasets/indices_by_year.pdf saved as PDF format

. 
. * --- Grafico 3: Trend Accordi Principali ---
. twoway (line chord_G chart_year, lcolor(green) lwidth(medium)) ///
>        (line chord_D chart_year, lcolor(red) lwidth(medium)) ///
>        (line chord_C chart_year, lcolor(blue) lwidth(medium)) ///
>        (line chord_Am chart_year, lcolor(purple) lwidth(medium)), ///
>     title("Main Chord Frequencies Over Time") xtitle("Year") ytitle("Percenta
> ge Starting Chords") ///
>     xlabel(1980(5)2025) ///
>     legend(label(1 "G") label(2 "D") label(3 "C") label(4 "Am"))

. graph export "data/processed_datasets/chords_by_year.pdf", replace
file data/processed_datasets/chords_by_year.pdf saved as PDF format

. 
. 
. exit

end of do-file
