\BOOKMARK [1][-]{section.1}{Purpose of the report}{}% 1
\BOOKMARK [1][-]{section.2}{How the analysis was designed and how to read it}{}% 2
\BOOKMARK [1][-]{section.3}{Structure of the Stata do-file}{}% 3
\BOOKMARK [1][-]{section.4}{Main descriptive and inferential findings}{}% 4
\BOOKMARK [2][-]{subsection.4.1}{Figure 1. Annual song counts in the country-only sample}{section.4}% 5
\BOOKMARK [2][-]{subsection.4.2}{Figure 2. Average BPM by release year}{section.4}% 6
\BOOKMARK [2][-]{subsection.4.3}{Figure 3. Mechanics and difficulty indices over time}{section.4}% 7
\BOOKMARK [2][-]{subsection.4.4}{Figure 4. Rhythm and form indices over time}{section.4}% 8
\BOOKMARK [2][-]{subsection.4.5}{Figure 5. Harmony indices over time}{section.4}% 9
\BOOKMARK [2][-]{subsection.4.6}{Figure 6. Billboard prominence and upload-release gap}{section.4}% 10
\BOOKMARK [2][-]{subsection.4.7}{Figure 7. Broad-sample genre diagnostic}{section.4}% 11
\BOOKMARK [2][-]{subsection.4.8}{Figure 8. First-chord shares over release decades}{section.4}% 12
\BOOKMARK [2][-]{subsection.4.9}{Figure 9. Geographic concentration by macro-region}{section.4}% 13
\BOOKMARK [2][-]{subsection.4.10}{Figure 10. Index differences by macro-region}{section.4}% 14
\BOOKMARK [2][-]{subsection.4.11}{Figure 11. Observation count by artist generation}{section.4}% 15
\BOOKMARK [2][-]{subsection.4.12}{Figure 12. Index differences by artist generation}{section.4}% 16
\BOOKMARK [1][-]{section.5}{Interpretive summary}{}% 17
\BOOKMARK [1][-]{section.6}{Appendix A: Individual index figures}{}% 18
\BOOKMARK [2][-]{subsection.6.1}{Complexity: individual annual trend}{section.6}% 19
\BOOKMARK [2][-]{subsection.6.2}{Repetition: individual annual trend}{section.6}% 20
\BOOKMARK [2][-]{subsection.6.3}{Melodicness: individual annual trend}{section.6}% 21
\BOOKMARK [2][-]{subsection.6.4}{Energy: individual annual trend}{section.6}% 22
\BOOKMARK [2][-]{subsection.6.5}{Finger movement: individual annual trend}{section.6}% 23
\BOOKMARK [2][-]{subsection.6.6}{Disruption: individual annual trend}{section.6}% 24
\BOOKMARK [2][-]{subsection.6.7}{Root stability: individual annual trend}{section.6}% 25
\BOOKMARK [2][-]{subsection.6.8}{Intra-root variation: individual annual trend}{section.6}% 26
\BOOKMARK [2][-]{subsection.6.9}{Harmonic palette: individual annual trend}{section.6}% 27
\BOOKMARK [2][-]{subsection.6.10}{Loop strength: individual annual trend}{section.6}% 28
\BOOKMARK [2][-]{subsection.6.11}{Structure variation: individual annual trend}{section.6}% 29
\BOOKMARK [2][-]{subsection.6.12}{Playability: individual annual trend}{section.6}% 30
\BOOKMARK [2][-]{subsection.6.13}{Harmonic softness: individual annual trend}{section.6}% 31
\BOOKMARK [1][-]{section.7}{Appendix B: Full do-file}{}% 32
